<?xml version="1.0" encoding="UTF-8"?>
<!-- Generated by org.testng.reporters.JUnitReportReporter -->
<testsuite hostname="KhajaZakiUddin" name="com.qa.hubspot.test.LoginPageTest" tests="1" failures="0" timestamp="3 Mar 2022 09:20:53 GMT" time="12.809" errors="0">
  <testcase name="loginTest" time="12.809" classname="com.qa.hubspot.test.LoginPageTest"/>
</testsuite> <!-- com.qa.hubspot.test.LoginPageTest -->
